
stevilo kupov je 0, skupna ploscina je  1478348558
listi po vrsti so:
12727949 65
12727911 103
12727901 113
12727887 127
12727872 142
12727871 143
12727857 157
12727816 198
12727815 199
12727787 227
12727727 287
12727708 306
12727677 337
12727649 365
12727630 384
12727626 388
12727619 395
12727608 406
12727580 434
12727570 444
12727522 492
12727505 509
12727453 561
12727441 573
12727361 653
12727340 674
12727308 706
12727302 712
12727294 720
12727248 766
12727246 768
12727228 786
12727182 832
12727158 856
12727149 865
12727107 907
12727058 956
12727024 990
12314057 999
12314048 1008
12046771 1009
12046757 1023
10491164 1057
10491155 1066
10491138 1083
9687574 1084
9687572 1086
9687569 1089
9687562 1096
9687506 1152
9687469 1189
8915711 1251
8915668 1294
8915640 1322
8915625 1337
8915595 1367
8909690 1383
8909601 1472
8909592 1481
8909585 1488
8909584 1489
8909574 1499
8909533 1540
8909524 1549
8909511 1562
8909437 1636
8909429 1644
8909412 1661
8909411 1662
8909373 1700
8909335 1738
8909319 1754
8909318 1755
7975040 1760
7974942 1858
7974910 1890
7974888 1912
7974879 1921
7974864 1936
7974823 1977
7974792 2008
7974743 2057
7974633 2167
7974622 2178
7974582 2218
7974567 2233
7974560 2240
7974552 2248
7974522 2278
7974450 2350
7974435 2365
7974418 2382
7974414 2386
7974402 2398
7974376 2424
7974365 2435
7974355 2445
7974313 2487
7974285 2515
7887697 3054
7887690 3061
7887685 3066
7887678 3073
7887676 3075
7887642 3109
7887569 3182
7887513 3238
7887486 3265
7887406 3345
7887379 3372
7887331 3420
7887320 3431
7887307 3444
7887290 3461
7887222 3529
7887190 3561
7887178 3573
7887175 3576
7887174 3577
7887165 3586
7887160 3591
7887136 3615
7887127 3624
7887125 3626
7887115 3636
7887113 3638
7887112 3639
7887103 3648
7887075 3676
7887060 3691
7887052 3699
7887028 3723
7886984 3767
7886946 3805
7886931 3820
7886926 3825
7886848 3903
7886820 3931
7886810 3941
7886781 3970
7886758 3993
7886757 3994
7886753 3998
7578619 6138
7578613 6144
7578586 6171
7578538 6219
7578528 6229
7578514 6243
7578509 6248
7578464 6293
7578442 6315
7578428 6329
7578402 6355
7578397 6360
7578379 6378
7578373 6384
7578346 6411
7578332 6425
7578299 6458
7578258 6499
7578227 6530
7578209 6548
7578203 6554
7578179 6578
7578133 6624
7578062 6695
7578044 6713
7578001 6756
7577998 6759
7577920 6837
7577878 6879
7577866 6891
7577853 6904
7577836 6921
7577797 6960
7577794 6963
7577770 6987
7577756 7001
7577748 7009
7577736 7021
7577717 7040
7577711 7046
7577667 7090
7577664 7093
7270462 12206
7270425 12243
7270393 12275
7270372 12296
7270364 12304
7270356 12312
7270339 12329
7270293 12375
7270270 12398
7270248 12420
7270209 12459
7270199 12469
7270144 12524
7270119 12549
7270108 12560
7270080 12588
7270014 12654
7269968 12700
7269904 12764
7269902 12766
7269845 12823
7269838 12830
7269835 12833
7269804 12864
7269785 12883
7269784 12884
7269779 12889
7269776 12892
7269737 12931
7269733 12935
7269729 12939
7269659 13009
7269658 13010
7269644 13024
7269624 13044
7269618 13050
7269609 13059
7269602 13066
7269556 13112
7269513 13155
7269492 13176
7269484 13184
7269468 13200
7241936 24448
7241866 24518
7241857 24527
7241851 24533
7241828 24556
7241822 24562
7241760 24624
7241733 24651
7241703 24681
7241686 24698
7241685 24699
7241654 24730
7241629 24755
7241583 24801
7241514 24870
7241461 24923
7241440 24944
7241419 24965
7241300 25084
7241257 25127
7241254 25130
7241196 25188
7241193 25191
7241183 25201
7241175 25209
7241172 25212
7241156 25228
7241119 25265
7241087 25297
7241046 25338
6559847 48862
6559834 48875
6559827 48882
6559817 48892
6559798 48911
6559734 48975
6559708 49001
6559703 49006
6559697 49012
6559674 49035
6559667 49042
6559645 49064
6559634 49075
6559633 49076
6559622 49087
6559603 49106
6559586 49123
6559571 49138
6559559 49150
6559550 49159
6559532 49177
6559530 49179
6559524 49185
6559431 49278
6559428 49281
6559353 49356
6559344 49365
6559263 49446
6559210 49499
6559141 49568
6559133 49576
6559103 49606
6559076 49633
6559017 49692
6558997 49712
6558981 49728
6558978 49731
6558945 49764
6558929 49780
6558928 49781
6558923 49786
6071614 97640
6071569 97685
6071548 97706
6071534 97720
6071426 97828
6071399 97855
6071350 97904
6071313 97941
6071304 97950
6071293 97961
6071263 97991
6071231 98023
6071152 98102
6071117 98137
6071111 98143
6071110 98144
6071055 98199
6071003 98251
6070993 98261
6070984 98270
6070886 98368
6070866 98388
6070858 98396
6070853 98401
6070817 98437
6070803 98451
6070799 98455
6070792 98462
6070718 98536
6070693 98561
6070684 98570
6070668 98586
5613721 195309
5613688 195342
5613646 195384
5613641 195389
5613608 195422
5613581 195449
5613564 195466
5613558 195472
5613555 195475
5613517 195513
5613512 195518
5613509 195521
5613487 195543
5613450 195580
5613385 195645
5613376 195654
5613302 195728
5613292 195738
5613273 195757
5613250 195780
5613207 195823
5613159 195871
5613125 195905
5613123 195907
5613092 195938
5612992 196038
5612978 196052
5612952 196078
5612941 196089
5612931 196099
5612903 196127
5612891 196139
5612866 196164
5612865 196165
5612862 196168
5612837 196193
5612823 196207
5612807 196223
5612804 196226
5420884 390553
5420818 390619
5420776 390661
5420727 390710
5420709 390728
5420695 390742
5420690 390747
5420686 390751
5420669 390768
5420644 390793
5420640 390797
5420587 390850
5420433 391004
5420429 391008
5420426 391011
5420374 391063
5420349 391088
5420341 391096
5420332 391105
5420317 391120
5420295 391142
5420290 391147
5420286 391151
5420227 391210
5420182 391255
5420098 391339
5420087 391350
5420075 391362
5420073 391364
5420062 391375
5420058 391379
5420050 391387
5420017 391420
5419988 391449
5419974 391463
5419911 391526
4527150 781134
4527141 781143
4527089 781195
4527046 781238
4527008 781276
4527003 781281
4526987 781297
4526984 781300
4526946 781338
4526938 781346
4526936 781348
4526933 781351
4526915 781369
4526872 781412
4526851 781433
4526831 781453
4526823 781461
4526820 781464
4526809 781475
4526789 781495
4526723 781561
4526710 781574
4526696 781588
4526674 781610
4526660 781624
4526642 781642
4526636 781648
4526601 781683
4526562 781722
4526538 781746
4526502 781782
4526497 781787
4526462 781822
4526442 781842
4526424 781860
4526407 781877
4526379 781905
4526369 781915
4526349 781935
4526320 781964
4526303 781981
4526299 781985
4526291 781993
4526277 782007
4526246 782038
4526245 782039
3534916 1562189
3534858 1562247
3534812 1562293
3534806 1562299
3534764 1562341
3534757 1562348
3534754 1562351
3534737 1562368
3534691 1562414
3534685 1562420
3534674 1562431
3534642 1562463
3534622 1562483
3534618 1562487
3534614 1562491
3534563 1562542
3534561 1562544
3534550 1562555
3534503 1562602
3534502 1562603
3534487 1562618
3534483 1562622
3534482 1562623
3534478 1562627
3534474 1562631
3534453 1562652
3534451 1562654
3534441 1562664
3534387 1562718
3534372 1562733
3534347 1562758
3534341 1562764
3534302 1562803
3534291 1562814
3534241 1562864
3534231 1562874
3534176 1562929
3534174 1562931
3534152 1562953
3534090 1563015
3534079 1563026
3534061 1563044
3534020 1563085
3533995 1563110
3533971 1563134
3533935 1563170
3533934 1563171
3533931 1563174
3533928 1563177
3243571 3124378
3243553 3124396
3243452 3124497
3243412 3124537
3243393 3124556
3243313 3124636
3243300 3124649
3243295 3124654
3243290 3124659
3243180 3124769
3243151 3124798
3243110 3124839
3243075 3124874
3243032 3124917
3242988 3124961
3242928 3125021
3242916 3125033
3242900 3125049
3242895 3125054
3242887 3125062
3242881 3125068
3242835 3125114
3242825 3125124
3242788 3125161
3242759 3125190
3242758 3125191
3242730 3125219
3242680 3125269
3242632 3125317
3242628 3125321
3242593 3125356
2313848 6248787
2313806 6248829
2313804 6248831
2313803 6248832
2313802 6248833
2313801 6248834
2313767 6248868
2313729 6248906
2313704 6248931
2313662 6248973
2313646 6248989
2313635 6249000
2313632 6249003
2313591 6249044
2313572 6249063
2313569 6249066
2313506 6249129
2313497 6249138
2313492 6249143
2313429 6249206
2313403 6249232
2313398 6249237
2313383 6249252
2313368 6249267
2313367 6249268
2313326 6249309
2313314 6249321
2313310 6249325
2313307 6249328
2313286 6249349
2313267 6249368
2313235 6249400
2313214 6249421
2313204 6249431
2313202 6249433
2313195 6249440
2313166 6249469
2313130 6249505
2313068 6249567
2313036 6249599
2312980 6249655
2312962 6249673
2312943 6249692
2312938 6249697
2312887 6249748
1447461 12497516
1447460 12497517
1447362 12497615
1447343 12497634
1447309 12497668
1447256 12497721
1447255 12497722
1447220 12497757
1447208 12497769
1447185 12497792
1447147 12497830
1447095 12497882
1447062 12497915
1447040 12497937
1447024 12497953
1447018 12497959
1446981 12497996
1446972 12498005
1446971 12498006
1446941 12498036
1446923 12498054
1446910 12498067
1446871 12498106
1446842 12498135
1446841 12498136
1446810 12498167
1446783 12498194
1446775 12498202
1446762 12498215
1446753 12498224
1446706 12498271
1446683 12498294
1446647 12498330
1446628 12498349
1446623 12498354
1446621 12498356
1446619 12498358
1446592 12498385
1446590 12498387
1446514 12498463
1147539 24995018
1147517 24995040
1147453 24995104
1147447 24995110
1147429 24995128
1147428 24995129
1147301 24995256
1147282 24995275
1147260 24995297
1147222 24995335
1147191 24995366
1147179 24995378
1147163 24995394
1147121 24995436
1147087 24995470
1147082 24995475
1147034 24995523
1147018 24995539
1147002 24995555
1146959 24995598
1146956 24995601
1146938 24995619
1146918 24995639
1146892 24995665
1146827 24995730
1146797 24995760
1146731 24995826
1146703 24995854
1146635 24995922
1146588 24995969
904645 49990025
904619 49990051
904608 49990062
904593 49990077
904582 49990088
904558 49990112
904540 49990130
904535 49990135
904494 49990176
904469 49990201
904444 49990226
904433 49990237
904377 49990293
904355 49990315
904352 49990318
904299 49990371
904175 49990495
904173 49990497
904170 49990500
904139 49990531
904113 49990557
904104 49990566
904103 49990567
904099 49990571
904065 49990605
904058 49990612
904042 49990628
904000 49990670
903999 49990671
903912 49990758
903901 49990769
903897 49990773
903896 49990774
903874 49990796
903842 49990828
903779 49990891
903760 49990910
903720 49990950
19991 99980009
19985 99980015
19982 99980018
19911 99980089
19893 99980107
19860 99980140
19850 99980150
19849 99980151
19842 99980158
19832 99980168
19823 99980177
19804 99980196
19786 99980214
19746 99980254
19700 99980300
19696 99980304
19648 99980352
19645 99980355
19643 99980357
19590 99980410
19569 99980431
19499 99980501
19490 99980510
19479 99980521
19475 99980525
19450 99980550
19395 99980605
19394 99980606
19373 99980627
19358 99980642
19355 99980645
19329 99980671
19324 99980676
19309 99980691
19293 99980707
19281 99980719
19255 99980745
19246 99980754
19230 99980770
19228 99980772
19227 99980773
19176 99980824
19175 99980825
19164 99980836
19140 99980860
19104 99980896
19068 99980932
19040 99980960
19022 99980978
19021 99980979
19012 99980988
19007 99980993
19002 99980998
spliti so:
0 738 
