
stevilo kupov je 4, skupna ploscina je  90619480
listi po vrsti so:
9981 1
9947 11
9945 22
9931 35
9926 46
9910 55
9904 58
9902 73
9900 101
9891 110
9865 113
9837 120
9834 124
9827 126
9824 159
9820 164
9817 168
9803 183
9802 190
9798 195
9772 208
9769 216
9762 217
9757 223
9742 244
9724 248
9707 260
9695 267
9691 268
9657 271
9638 276
9626 277
9616 283
9608 287
9592 289
9587 297
9576 298
9573 302
9537 315
9518 319
9512 322
9509 355
9475 363
9470 369
9465 378
9459 388
9456 390
9444 393
9414 395
9408 400
9398 422
9323 429
9314 437
9254 444
9245 448
9228 459
9213 462
9191 464
9172 472
9160 476
9120 481
9111 488
9066 489
9037 501
9031 528
9019 541
9017 542
8995 549
8991 562
8986 575
8949 577
8943 592
8942 602
8928 603
8905 611
8902 621
8874 623
8869 643
8867 648
8856 650
8825 654
8800 664
8799 673
8798 675
8794 677
8784 682
8777 733
8771 736
8744 751
8724 769
8691 783
8687 791
8684 821
8676 823
8672 835
8666 843
8660 848
8654 849
8650 862
8649 886
8635 889
8631 904
8626 934
8624 940
8616 948
8611 963
8605 972
8598 978
8592 979
8583 994
8575 1000
8573 1006
8558 1009
8551 1011
8545 1014
8524 1033
8522 1039
8502 1046
8499 1065
8467 1109
8463 1139
8458 1149
8435 1158
8431 1162
8427 1172
8426 1179
8420 1190
8411 1192
8388 1205
8367 1226
8358 1231
8354 1237
8345 1251
8336 1254
8327 1258
8319 1259
8305 1262
8272 1273
8266 1274
8261 1304
8250 1310
8248 1317
8241 1324
8222 1346
8220 1353
8216 1360
8178 1369
8153 1378
8140 1380
8128 1383
8110 1399
8106 1400
8093 1411
8090 1422
8074 1441
8071 1449
8069 1457
8047 1464
8041 1482
8033 1485
8031 1494
8016 1496
8013 1508
8003 1513
7995 1524
7984 1538
7952 1540
7929 1544
7921 1581
7896 1591
7872 1632
7853 1636
7848 1637
7834 1641
7823 1649
7810 1681
7798 1684
7784 1688
7780 1696
7770 1700
7767 1703
7759 1711
7757 1712
7755 1721
7754 1733
7742 1734
7734 1737
7719 1759
7716 1776
7702 1778
7700 1782
7697 1787
7693 1795
7679 1820
7606 1884
7595 1887
7594 1888
7585 1890
7558 1908
7557 1920
7491 1948
7478 1960
7467 1987
7462 1995
7445 2009
7434 2011
7429 2016
7420 2029
7406 2040
7402 2043
7398 2062
7393 2087
7389 2093
7387 2097
7371 2109
7350 2112
7335 2114
7328 2115
7326 2118
7302 2119
7301 2125
7298 2128
7286 2132
7283 2133
7271 2146
7252 2152
7242 2170
7221 2171
7206 2173
7205 2176
7193 2215
7159 2216
7154 2242
7126 2247
7104 2253
7095 2262
7094 2277
7087 2280
7072 2283
7070 2296
7046 2305
7025 2339
7004 2342
6998 2345
6997 2373
6992 2375
6954 2395
6952 2400
6949 2405
6943 2408
6939 2419
6910 2423
6909 2427
6908 2435
6902 2437
6899 2442
6892 2444
6889 2447
6888 2457
6860 2499
6844 2508
6829 2521
6825 2528
6816 2530
6803 2536
6796 2538
6783 2551
6765 2558
6754 2565
6742 2584
6727 2586
6711 2589
6709 2615
6705 2617
6704 2619
6689 2625
6679 2643
6678 2657
6660 2663
6648 2667
6632 2670
6628 2676
6621 2710
6617 2714
6588 2716
6584 2719
6569 2722
6537 2727
6531 2730
6523 2741
6517 2745
6516 2762
6506 2770
6483 2793
6474 2795
6464 2811
6458 2818
6450 2832
6445 2856
6440 2865
6416 2884
6414 2890
6409 2894
6396 2901
6390 2912
6359 2926
6337 2929
6336 2933
6309 2935
6296 2952
6293 2953
6289 2972
6280 2995
6269 3013
6268 3016
6248 3020
6206 3022
6200 3032
6191 3044
6161 3047
6149 3050
6136 3054
6134 3057
6131 3087
6127 3100
6108 3106
6097 3120
6089 3124
6083 3125
6082 3163
6070 3170
6060 3205
6059 3212
6053 3236
6046 3250
6006 3256
6005 3274
6003 3300
5995 3303
5990 3338
5988 3368
5976 3399
5972 3417
5967 3460
5943 3488
5933 3531
5926 3549
5918 3556
5902 3570
5898 3572
5892 3579
5886 3591
5885 3602
5873 3609
5864 3645
5843 3648
5826 3651
5824 3675
5814 3677
5791 3685
5781 3687
5774 3688
5755 3692
5738 3696
5699 3698
5676 3713
5659 3720
5653 3721
5630 3728
5628 3729
5621 3755
5620 3762
5615 3785
5605 3786
5599 3796
5592 3805
5577 3807
5553 3840
5547 3846
5527 3855
5525 3879
5522 3881
5515 3882
5481 3883
5476 3892
5475 3909
5451 3910
5431 3911
5430 3946
5418 3952
5411 3954
5392 3964
5387 3975
5376 3984
5370 3993
5338 3998
5327 4016
5316 4023
5313 4054
5309 4060
5308 4065
5303 4076
5281 4095
5251 4107
5235 4118
5231 4122
5229 4127
5205 4129
5200 4145
5197 4148
5196 4152
5174 4159
5144 4169
5128 4172
5117 4184
5109 4195
5103 4198
5095 4200
5086 4215
5068 4240
5036 4280
5034 4289
5026 4294
5017 4302
5016 4322
5007 4332
5000 4345
4982 4347
4973 4352
4936 4364
4914 4379
4910 4384
4901 4430
4895 4438
4881 4454
4877 4465
4876 4466
4873 4468
4872 4561
4859 4602
4858 4610
4838 4616
4821 4620
4774 4621
4761 4622
4740 4636
4718 4638
4709 4639
4708 4644
4699 4648
4688 4672
4651 4683
4629 4686
4616 4696
4613 4698
4608 4722
4603 4746
4595 4782
4587 4790
4568 4803
4560 4827
4552 4839
4551 4842
4550 4881
4548 4890
4545 4894
4529 4900
4522 4915
4487 4917
4483 4957
4478 4969
4475 4984
4447 5036
4433 5038
4430 5039
4424 5045
4381 5047
4374 5058
4373 5067
4369 5081
4364 5091
4360 5103
4354 5131
4353 5133
4331 5150
4330 5189
4315 5200
4274 5204
4272 5215
4239 5249
4210 5255
4134 5258
4114 5261
4091 5263
4063 5269
4037 5276
4026 5297
4012 5298
3983 5314
3980 5324
3977 5328
3975 5342
3948 5343
3938 5365
3923 5368
3921 5370
3914 5374
3891 5377
3874 5390
3852 5402
3841 5415
3828 5418
3814 5419
3810 5422
3807 5426
3801 5445
3785 5454
3763 5466
3758 5476
3757 5486
3742 5512
3740 5548
3739 5559
3736 5562
3716 5564
3714 5565
3706 5572
3687 5575
3672 5588
3669 5589
3627 5596
3618 5610
3608 5618
3582 5638
3561 5649
3559 5651
3551 5655
3506 5659
3504 5660
3485 5675
3483 5686
3478 5687
3476 5736
3451 5753
3447 5755
3441 5757
3433 5778
3358 5805
3351 5816
3348 5818
3347 5822
3346 5825
3336 5831
3331 5850
3301 5868
3294 5871
3291 5873
3287 5927
3283 5963
3281 5964
3266 5978
3262 5984
3246 5986
3231 6005
3215 6011
3214 6016
3191 6017
3187 6071
3184 6074
3177 6075
3127 6077
3123 6118
3119 6132
3116 6167
3111 6180
3102 6183
3088 6187
3074 6216
3072 6227
3068 6230
3064 6236
3055 6256
3028 6258
3022 6262
3005 6276
2988 6281
2979 6288
2978 6338
2953 6350
2947 6362
2936 6384
2922 6398
2912 6399
2898 6404
2851 6414
2827 6423
2821 6430
2816 6432
2801 6448
2785 6459
2780 6463
2765 6464
2755 6466
2729 6492
2720 6530
2718 6539
2715 6548
2708 6549
2705 6550
2693 6562
2687 6591
2681 6592
2673 6599
2648 6611
2636 6621
2634 6625
2632 6636
2631 6650
2618 6662
2603 6664
2583 6667
2565 6671
2549 6678
2533 6726
2531 6736
2528 6753
2526 6769
2514 6773
2499 6785
2497 6801
2494 6820
2475 6826
2467 6843
2463 6880
2457 6889
2447 6896
2435 6927
2433 6928
2430 6930
2424 6946
2419 6952
2408 6954
2403 6962
2379 7012
2378 7016
2377 7021
2369 7022
2363 7042
2360 7051
2349 7066
2345 7076
2341 7102
2339 7127
2337 7130
2330 7160
2301 7165
2299 7173
2290 7174
2283 7196
2281 7198
2262 7199
2252 7203
2236 7215
2234 7221
2221 7233
2220 7241
2219 7242
2208 7247
2204 7258
2195 7262
2194 7271
2176 7275
2175 7284
2171 7291
2148 7297
2137 7310
2135 7347
2134 7355
2133 7365
2105 7378
2104 7380
2095 7394
2093 7404
2090 7424
2069 7435
2067 7441
2063 7462
2060 7482
2055 7503
2051 7524
2031 7528
2016 7537
2010 7539
2009 7541
1991 7549
1978 7575
1977 7590
1954 7599
1952 7641
1945 7642
1944 7653
1943 7676
1929 7682
1922 7692
1920 7709
1913 7720
1898 7734
1879 7741
1871 7743
1864 7750
1858 7757
1849 7760
1848 7778
1846 7780
1840 7788
1829 7812
1826 7814
1785 7816
1784 7836
1780 7866
1779 7879
1778 7887
1777 7966
1776 7967
1769 7970
1757 7975
1753 7976
1747 7978
1746 7979
1743 7982
1742 7988
1717 7995
1711 8001
1705 8006
1701 8007
1693 8008
1685 8045
1679 8057
1675 8084
1656 8089
1648 8106
1642 8108
1629 8131
1614 8140
1612 8177
1601 8184
1599 8193
1585 8212
1574 8219
1571 8224
1565 8234
1564 8266
1543 8277
1536 8342
1535 8361
1531 8364
1510 8368
1480 8384
1473 8385
1470 8387
1467 8388
1459 8394
1453 8400
1448 8409
1444 8421
1434 8428
1429 8438
1428 8450
1422 8484
1419 8494
1411 8500
1409 8502
1404 8504
1391 8505
1390 8512
1384 8530
1368 8536
1367 8538
1363 8541
1338 8545
1336 8555
1328 8563
1307 8566
1295 8577
1268 8579
1240 8582
1231 8600
1219 8627
1201 8654
1200 8663
1194 8667
1167 8713
1162 8722
1133 8724
1127 8731
1123 8743
1113 8749
1107 8769
1095 8770
1081 8776
1071 8778
1031 8780
1017 8784
1013 8803
1004 8815
1003 8818
1002 8819
1000 8838
992 8842
987 8847
978 8849
976 8853
970 8866
967 8867
959 8872
946 8941
945 8994
943 9001
940 9026
934 9029
931 9031
914 9032
864 9039
839 9056
837 9067
831 9070
830 9098
829 9100
824 9106
793 9133
783 9151
777 9153
770 9177
763 9181
761 9189
746 9215
745 9267
738 9276
737 9284
720 9292
711 9300
710 9313
694 9323
692 9333
690 9335
680 9342
670 9364
662 9395
661 9397
642 9401
628 9405
623 9419
594 9427
574 9453
566 9471
565 9492
523 9505
518 9508
514 9523
511 9526
506 9531
494 9535
472 9564
471 9582
455 9588
439 9592
434 9594
414 9599
403 9615
399 9628
382 9658
377 9687
375 9689
344 9705
341 9707
339 9716
333 9717
327 9719
326 9728
325 9742
322 9744
315 9752
311 9757
287 9768
266 9769
264 9795
260 9810
254 9814
248 9821
242 9823
196 9829
179 9831
172 9834
165 9837
149 9848
137 9856
128 9865
126 9866
103 9868
102 9876
86 9880
81 9881
80 9893
68 9902
60 9915
53 9927
36 9930
28 9934
13 9939
8 9959
3 9985
spliti so:
0 1 63 547 911 
